<?xml version="1.0" encoding="UTF-8"?>
<testsuite xmlns:xsi="http://www.w3.org/2001/XMLSchema-instance" xsi:noNamespaceSchemaLocation="https://maven.apache.org/surefire/maven-surefire-plugin/xsd/surefire-test-report.xsd" version="3.0.2" name="com.internspark.employee_api.EmployeeApiApplicationTests" time="9.004" tests="1" errors="0" skipped="0" failures="0" flakes="0">
  <properties>
[...]
</properties>
  <testcase name="contextLoads" classname="com.internspark.employee_api.EmployeeApiApplicationTests" time="0.494">
    <system-out><![CDATA[13:00:45.274 [main] INFO org.springframework.test.context.support.AnnotationConfigContextLoaderUtils -- Could not detect default configuration classes for test class [com.internspark.employee_api.EmployeeApiApplicationTests]: EmployeeApiApplicationTests does not declare any static, non-private, non-final, nested classes annotated with @Configuration.
13:00:45.465 [main] INFO org.springframework.boot.test.context.SpringBootTestContextBootstrapper -- Found @SpringBootConfiguration com.internspark.employee_api.EmployeeApiApplication for test class com.internspark.employee_api.EmployeeApiApplicationTests

  .   ____          _            __ _ _
 /\\ / ___'_ __ _ _(_)_ __  __ _ \ \ \ \
( ( )\___ | '_ | '_| | '_ \/ _` | \ \ \ \
 \\/  ___)| |_)| | | | | || (_| |  ) ) ) )
  '  |____| .__|_| |_|_| |_\__, | / / / /
 =========|_|==============|___/=/_/_/_/

 :: Spring Boot ::               (v3.5.14)

2026-05-18T13:00:46.281+05:30  INFO 26468 --- [           main] c.i.e.EmployeeApiApplicationTests        : Starting EmployeeApiApplicationTests using Java 21.0.7 with PID 26468 (started by tvnsa in C:\Users\tvnsa\OneDrive\Desktop\internspark\TASK-1\employee-api)
2026-05-18T13:00:46.284+05:30  INFO 26468 --- [           main] c.i.e.EmployeeApiApplicationTests        : No active profile set, falling back to 1 default profile: "default"
2026-05-18T13:00:47.541+05:30  INFO 26468 --- [           main] .s.d.r.c.RepositoryConfigurationDelegate : Bootstrapping Spring Data JPA repositories in DEFAULT mode.
2026-05-18T13:00:47.674+05:30  INFO 26468 --- [           main] .s.d.r.c.RepositoryConfigurationDelegate : Finished Spring Data repository scanning in 111 ms. Found 1 JPA repository interface.
2026-05-18T13:00:48.676+05:30  INFO 26468 --- [           main] com.zaxxer.hikari.HikariDataSource       : HikariPool-1 - Starting...
2026-05-18T13:00:49.424+05:30  INFO 26468 --- [           main] com.zaxxer.hikari.pool.HikariPool        : HikariPool-1 - Added connection com.mysql.cj.jdbc.ConnectionImpl@7db5b890
2026-05-18T13:00:49.429+05:30  INFO 26468 --- [           main] com.zaxxer.hikari.HikariDataSource       : HikariPool-1 - Start completed.
2026-05-18T13:00:49.535+05:30  INFO 26468 --- [           main] org.flywaydb.core.FlywayExecutor         : Database: jdbc:mysql://localhost:3306/employeedb (MySQL 8.0)
2026-05-18T13:00:49.689+05:30  INFO 26468 --- [           main] o.f.core.internal.command.DbValidate     : Successfully validated 2 migrations (execution time 00:00.081s)
2026-05-18T13:00:49.724+05:30  INFO 26468 --- [           main] o.f.core.internal.command.DbMigrate      : Current version of schema `employeedb`: 2
2026-05-18T13:00:49.730+05:30  INFO 26468 --- [           main] o.f.core.internal.command.DbMigrate      : Schema `employeedb` is up to date. No migration necessary.
2026-05-18T13:00:49.957+05:30  INFO 26468 --- [           main] o.hibernate.jpa.internal.util.LogHelper  : HHH000204: Processing PersistenceUnitInfo [name: default]
2026-05-18T13:00:50.106+05:30  INFO 26468 --- [           main] org.hibernate.Version                    : HHH000412: Hibernate ORM core version 6.6.49.Final
2026-05-18T13:00:50.198+05:30  INFO 26468 --- [           main] o.h.c.internal.RegionFactoryInitiator    : HHH000026: Second-level cache disabled
2026-05-18T13:00:50.729+05:30  INFO 26468 --- [           main] o.s.o.j.p.SpringPersistenceUnitInfo      : No LoadTimeWeaver setup: ignoring JPA class transformer
2026-05-18T13:00:50.826+05:30  WARN 26468 --- [           main] org.hibernate.orm.deprecation            : HHH90000025: MySQLDialect does not need to be specified explicitly using 'hibernate.dialect' (remove the property setting and it will be selected by default)
2026-05-18T13:00:50.849+05:30  INFO 26468 --- [           main] org.hibernate.orm.connections.pooling    : HHH10001005: Database info:
	Database JDBC URL [Connecting through datasource 'HikariDataSource (HikariPool-1)']
	Database driver: undefined/unknown
	Database version: 8.0.44
	Autocommit mode: undefined/unknown
	Isolation level: undefined/unknown
	Minimum pool size: undefined/unknown
	Maximum pool size: undefined/unknown
2026-05-18T13:00:52.046+05:30  INFO 26468 --- [           main] o.h.e.t.j.p.i.JtaPlatformInitiator       : HHH000489: No JTA platform available (set 'hibernate.transaction.jta.platform' to enable JTA platform integration)
2026-05-18T13:00:52.101+05:30  INFO 26468 --- [           main] j.LocalContainerEntityManagerFactoryBean : Initialized JPA EntityManagerFactory for persistence unit 'default'
2026-05-18T13:00:52.775+05:30  WARN 26468 --- [           main] JpaBaseConfiguration$JpaWebConfiguration : spring.jpa.open-in-view is enabled by default. Therefore, database queries may be performed during view rendering. Explicitly configure spring.jpa.open-in-view to disable this warning
2026-05-18T13:00:53.481+05:30  INFO 26468 --- [           main] c.i.e.EmployeeApiApplicationTests        : Started EmployeeApiApplicationTests in 7.691 seconds (process running for 9.286)
]]></system-out>
    <system-err><![CDATA[Mockito is currently self-attaching to enable the inline-mock-maker. This will no longer work in future releases of the JDK. Please add Mockito as an agent to your build as described in Mockito's documentation: https://javadoc.io/doc/org.mockito/mockito-core/latest/org.mockito/org/mockito/Mockito.html#0.3
WARNING: A Java agent has been loaded dynamically (C:\Users\tvnsa\.m2\repository\net\bytebuddy\byte-buddy-agent\1.17.8\byte-buddy-agent-1.17.8.jar)
WARNING: If a serviceability tool is in use, please run with -XX:+EnableDynamicAgentLoading to hide this warning
WARNING: If a serviceability tool is not in use, please run with -Djdk.instrument.traceUsage for more information
WARNING: Dynamic loading of agents will be disallowed by default in a future release
]]></system-err>
  </testcase>
</testsuite>